#
# There is insufficient memory for the Java Runtime Environment to continue.
# Native memory allocation (malloc) failed to allocate 32744 bytes for ChunkPool::allocate
# Possible reasons:
#   The system is out of physical RAM or swap space
#   The process is running with CompressedOops enabled, and the Java Heap may be blocking the growth of the native heap
# Possible solutions:
#   Reduce memory load on the system
#   Increase physical memory or swap space
#   Check if swap backing store is full
#   Decrease Java heap size (-Xmx/-Xms)
#   Decrease number of Java threads
#   Decrease Java thread stack sizes (-Xss)
#   Set larger code cache with -XX:ReservedCodeCacheSize=
#   JVM is running with Unscaled Compressed Oops mode in which the Java heap is
#     placed in the first 4GB address space. The Java Heap base address is the
#     maximum limit for the native heap growth. Please use -XX:HeapBaseMinAddress
#     to set the Java Heap base and to place the Java Heap above 4GB virtual address.
# This output file may be truncated or incomplete.
#
#  Out of Memory Error (arena.cpp:78), pid=10620, tid=20536
#
# JRE version: Java(TM) SE Runtime Environment (17.0.1+12) (build 17.0.1+12-LTS-39)
# Java VM: Java HotSpot(TM) 64-Bit Server VM (17.0.1+12-LTS-39, mixed mode, emulated-client, sharing, tiered, compressed oops, compressed class ptrs, g1 gc, windows-amd64)
# No core dump will be written. Minidumps are not enabled by default on client versions of Windows
#

---------------  S U M M A R Y ------------

Command Line: -XX:TieredStopAtLevel=1 com.nexus.wallet.wallet_service.WalletServiceApplication

Host: Intel(R) Core(TM) i5-10300H CPU @ 2.50GHz, 8 cores, 7G,  Windows 10 , 64 bit Build 22621 (10.0.22621.5415)
Time: Sun Mar 29 05:20:46 2026 Egypt Standard Time elapsed time: 2559.908523 seconds (0d 0h 42m 39s)

---------------  T H R E A D  ---------------

Current thread (0x00000132b1be6d30):  JavaThread "C1 CompilerThread0" daemon [_thread_in_native, id=20536, stack(0x000000068d200000,0x000000068d300000)]


Current CompileTask:
C1:2559909 8424   !   1       java.net.SocksSocketImpl::connect (1574 bytes)

Stack: [0x000000068d200000,0x000000068d300000]
Native frames: (J=compiled Java code, j=interpreted, Vv=VM code, C=native code)
V  [jvm.dll+0x66fa1a]
V  [jvm.dll+0x7ce5a4]
V  [jvm.dll+0x7cfd4e]
V  [jvm.dll+0x7d03b3]
V  [jvm.dll+0x242b05]
V  [jvm.dll+0xaa2a0]
V  [jvm.dll+0xaa5ec]
V  [jvm.dll+0x1359c2]
V  [jvm.dll+0x141428]
V  [jvm.dll+0x144689]
V  [jvm.dll+0x1440a5]
V  [jvm.dll+0x13b8ef]
V  [jvm.dll+0x13dee5]
V  [jvm.dll+0x13c1c4]
V  [jvm.dll+0x1361df]
V  [jvm.dll+0x145cc6]
V  [jvm.dll+0x1318d0]
V  [jvm.dll+0x131c30]
V  [jvm.dll+0x131ef6]
V  [jvm.dll+0x13138a]
V  [jvm.dll+0x133051]
V  [jvm.dll+0x224848]
V  [jvm.dll+0x2229ac]
V  [jvm.dll+0x78435b]
V  [jvm.dll+0x77e91a]
V  [jvm.dll+0x66e845]
C  [ucrtbase.dll+0x29333]
C  [KERNEL32.DLL+0x1259d]
C  [ntdll.dll+0x5af78]


---------------  P R O C E S S  ---------------

Threads class SMR info:
_java_thread_list=0x00000132b691b5b0, length=40, elements={
0x00000132b1bcae40, 0x00000132b1bcbcb0, 0x00000132b1be1690, 0x00000132b1be4f70,
0x00000132b1be5920, 0x00000132b1be62d0, 0x00000132b1be6d30, 0x00000132b1be7720,
0x00000132b28c1260, 0x00000132b28c47a0, 0x00000132b407abf0, 0x00000132b407b9d0,
0x00000132b407b0c0, 0x00000132b41a0f70, 0x00000132b42270b0, 0x00000132b6fbe6d0,
0x00000132b6f9e810, 0x00000132b7302020, 0x00000132b73029c0, 0x00000132b7300810,
0x00000132b7301b50, 0x00000132b7301680, 0x00000132b7302e90, 0x00000132b7303360,
0x00000132b73011b0, 0x00000132b73024f0, 0x00000132b7303830, 0x00000132b7300ce0,
0x00000132b7303d00, 0x00000132b7476080, 0x00000132b74773c0, 0x00000132b7477890,
0x00000132b7476a20, 0x00000132b7478bd0, 0x00000132b7479f10, 0x00000132b747a8b0,
0x00000132b7478700, 0x00000132b74790a0, 0x00000132b7479a40, 0x00000132b747a3e0
}

Java Threads: ( => current thread )
  0x00000132b1bcae40 JavaThread "Reference Handler" daemon [_thread_blocked, id=10128, stack(0x000000068cc00000,0x000000068cd00000)]
  0x00000132b1bcbcb0 JavaThread "Finalizer" daemon [_thread_blocked, id=19712, stack(0x000000068cd00000,0x000000068ce00000)]
  0x00000132b1be1690 JavaThread "Signal Dispatcher" daemon [_thread_blocked, id=21264, stack(0x000000068ce00000,0x000000068cf00000)]
  0x00000132b1be4f70 JavaThread "Attach Listener" daemon [_thread_blocked, id=7904, stack(0x000000068cf00000,0x000000068d000000)]
  0x00000132b1be5920 JavaThread "Service Thread" daemon [_thread_blocked, id=22780, stack(0x000000068d000000,0x000000068d100000)]
  0x00000132b1be62d0 JavaThread "Monitor Deflation Thread" daemon [_thread_blocked, id=23192, stack(0x000000068d100000,0x000000068d200000)]
=>0x00000132b1be6d30 JavaThread "C1 CompilerThread0" daemon [_thread_in_native, id=20536, stack(0x000000068d200000,0x000000068d300000)]
  0x00000132b1be7720 JavaThread "Sweeper thread" daemon [_thread_blocked, id=12180, stack(0x000000068d300000,0x000000068d400000)]
  0x00000132b28c1260 JavaThread "Notification Thread" daemon [_thread_blocked, id=14272, stack(0x000000068d700000,0x000000068d800000)]
  0x00000132b28c47a0 JavaThread "Common-Cleaner" daemon [_thread_blocked, id=14644, stack(0x000000068d900000,0x000000068da00000)]
  0x00000132b407abf0 JavaThread "Catalina-utility-1" [_thread_blocked, id=24752, stack(0x000000068e000000,0x000000068e100000)]
  0x00000132b407b9d0 JavaThread "Catalina-utility-2" [_thread_blocked, id=13668, stack(0x000000068e300000,0x000000068e400000)]
  0x00000132b407b0c0 JavaThread "container-0" [_thread_blocked, id=17800, stack(0x000000068e400000,0x000000068e500000)]
  0x00000132b41a0f70 JavaThread "Cleaner-0" daemon [_thread_blocked, id=30228, stack(0x000000068e600000,0x000000068e700000)]
  0x00000132b42270b0 JavaThread "HikariPool-1:housekeeper" daemon [_thread_blocked, id=26312, stack(0x000000068e700000,0x000000068e800000)]
  0x00000132b6fbe6d0 JavaThread "spectator-gauge-polling-0" daemon [_thread_blocked, id=8408, stack(0x000000068e900000,0x000000068ea00000)]
  0x00000132b6f9e810 JavaThread "AsyncResolver-bootstrap-%d" daemon [_thread_blocked, id=28720, stack(0x000000068ea00000,0x000000068eb00000)]
  0x00000132b7302020 JavaThread "DiscoveryClient-%d" daemon [_thread_blocked, id=25100, stack(0x000000068eb00000,0x000000068ec00000)]
  0x00000132b73029c0 JavaThread "DiscoveryClient-%d" daemon [_thread_blocked, id=28432, stack(0x000000068ec00000,0x000000068ed00000)]
  0x00000132b7300810 JavaThread "DiscoveryClient-InstanceInfoReplicator-%d" daemon [_thread_blocked, id=7772, stack(0x000000068ed00000,0x000000068ee00000)]
  0x00000132b7301b50 JavaThread "http-nio-8082-exec-1" daemon [_thread_blocked, id=28668, stack(0x000000068ee00000,0x000000068ef00000)]
  0x00000132b7301680 JavaThread "http-nio-8082-exec-2" daemon [_thread_blocked, id=8008, stack(0x000000068ef00000,0x000000068f000000)]
  0x00000132b7302e90 JavaThread "http-nio-8082-exec-3" daemon [_thread_blocked, id=12836, stack(0x000000068f000000,0x000000068f100000)]
  0x00000132b7303360 JavaThread "http-nio-8082-exec-4" daemon [_thread_blocked, id=1856, stack(0x000000068f100000,0x000000068f200000)]
  0x00000132b73011b0 JavaThread "http-nio-8082-exec-5" daemon [_thread_blocked, id=25692, stack(0x000000068f200000,0x000000068f300000)]
  0x00000132b73024f0 JavaThread "http-nio-8082-exec-6" daemon [_thread_blocked, id=5840, stack(0x000000068f300000,0x000000068f400000)]
  0x00000132b7303830 JavaThread "http-nio-8082-exec-7" daemon [_thread_blocked, id=19204, stack(0x000000068f400000,0x000000068f500000)]
  0x00000132b7300ce0 JavaThread "http-nio-8082-exec-8" daemon [_thread_blocked, id=6720, stack(0x000000068f500000,0x000000068f600000)]
  0x00000132b7303d00 JavaThread "http-nio-8082-exec-9" daemon [_thread_blocked, id=11500, stack(0x000000068f600000,0x000000068f700000)]
  0x00000132b7476080 JavaThread "http-nio-8082-exec-10" daemon [_thread_blocked, id=15340, stack(0x000000068f700000,0x000000068f800000)]
  0x00000132b74773c0 JavaThread "http-nio-8082-Poller" daemon [_thread_in_native, id=19728, stack(0x000000068f800000,0x000000068f900000)]
  0x00000132b7477890 JavaThread "http-nio-8082-Acceptor" daemon [_thread_in_native, id=14128, stack(0x000000068f900000,0x000000068fa00000)]
  0x00000132b7476a20 JavaThread "ThreadPoolTaskScheduler-1" [_thread_blocked, id=14568, stack(0x000000068fa00000,0x000000068fb00000)]
  0x00000132b7478bd0 JavaThread "org.springframework.kafka.KafkaListenerEndpointContainer#0-0-C-1" [_thread_blocked, id=23764, stack(0x000000068fb00000,0x000000068fc00000)]
  0x00000132b7479f10 JavaThread "ThreadPoolTaskScheduler-1" [_thread_blocked, id=22296, stack(0x000000068fc00000,0x000000068fd00000)]
  0x00000132b747a8b0 JavaThread "org.springframework.kafka.KafkaListenerEndpointContainer#1-0-C-1" [_thread_blocked, id=4872, stack(0x000000068fd00000,0x000000068fe00000)]
  0x00000132b7478700 JavaThread "DestroyJavaVM" [_thread_blocked, id=30704, stack(0x000000068c500000,0x000000068c600000)]
  0x00000132b74790a0 JavaThread "DiscoveryClient-CacheRefreshExecutor-%d" daemon [_thread_blocked, id=16236, stack(0x000000068c200000,0x000000068c300000)]
  0x00000132b7479a40 JavaThread "DiscoveryClient-HeartbeatExecutor-%d" daemon [_thread_blocked, id=22944, stack(0x000000068c300000,0x000000068c400000)]
  0x00000132b747a3e0 JavaThread "AsyncResolver-bootstrap-executor-%d" daemon [_thread_blocked, id=21056, stack(0x000000068d400000,0x000000068d500000)]

Other Threads:
  0x00000132b1bc2ee0 VMThread "VM Thread" [stack: 0x000000068cb00000,0x000000068cc00000] [id=29164]
  0x00000132b28c1b40 WatcherThread [stack: 0x000000068d800000,0x000000068d900000] [id=380]
  0x000001329fe452c0 GCTaskThread "GC Thread#0" [stack: 0x000000068c600000,0x000000068c700000] [id=5396]
  0x00000132b30b4b50 GCTaskThread "GC Thread#1" [stack: 0x000000068da00000,0x000000068db00000] [id=24216]
  0x00000132b30bcdf0 GCTaskThread "GC Thread#2" [stack: 0x000000068db00000,0x000000068dc00000] [id=24136]
  0x00000132b312c550 GCTaskThread "GC Thread#3" [stack: 0x000000068dc00000,0x000000068dd00000] [id=17280]
  0x00000132b312d010 GCTaskThread "GC Thread#4" [stack: 0x000000068dd00000,0x000000068de00000] [id=16224]
  0x00000132b312c2a0 GCTaskThread "GC Thread#5" [stack: 0x000000068de00000,0x000000068df00000] [id=3692]
  0x00000132b312c800 GCTaskThread "GC Thread#6" [stack: 0x000000068df00000,0x000000068e000000] [id=25964]
  0x00000132b312cab0 GCTaskThread "GC Thread#7" [stack: 0x000000068e200000,0x000000068e300000] [id=5892]
  0x000001329fe55bc0 ConcurrentGCThread "G1 Main Marker" [stack: 0x000000068c700000,0x000000068c800000] [id=25440]
  0x000001329fe565d0 ConcurrentGCThread "G1 Conc#0" [stack: 0x000000068c800000,0x000000068c900000] [id=11632]
  0x00000132b312d2c0 ConcurrentGCThread "G1 Conc#1" [stack: 0x000000068e100000,0x000000068e200000] [id=15828]
  0x00000132b1a82850 ConcurrentGCThread "G1 Refine#0" [stack: 0x000000068c900000,0x000000068ca00000] [id=2180]
  0x00000132b73dd100 ConcurrentGCThread "G1 Refine#1" [stack: 0x000000068c400000,0x000000068c500000] [id=28012]
  0x000001329feab140 ConcurrentGCThread "G1 Service" [stack: 0x000000068ca00000,0x000000068cb00000] [id=6936]

Threads with active compile tasks:
C1 CompilerThread0  2559967 8424   !   1       java.net.SocksSocketImpl::connect (1574 bytes)

VM state: not at safepoint (normal execution)

VM Mutex/Monitor currently owned by a thread: None

Heap address: 0x0000000083200000, size: 1998 MB, Compressed Oops mode: 32-bit

CDS archive(s) mapped at: [0x0000000800000000-0x0000000800bc0000-0x0000000800bc0000), size 12320768, SharedBaseAddress: 0x0000000800000000, ArchiveRelocationMode: 0.
Compressed class space mapped at: 0x0000000800c00000-0x0000000840c00000, reserved size: 1073741824
Narrow klass base: 0x0000000800000000, Narrow klass shift: 0, Narrow klass range: 0x100000000

GC Precious Log:
 CPUs: 8 total, 8 available
 Memory: 7985M
 Large Page Support: Disabled
 NUMA Support: Disabled
 Compressed Oops: Enabled (32-bit)
 Heap Region Size: 1M
 Heap Min Capacity: 8M
 Heap Initial Capacity: 126M
 Heap Max Capacity: 1998M
 Pre-touch: Disabled
 Parallel Workers: 8
 Concurrent Workers: 2
 Concurrent Refinement Workers: 8
 Periodic GC: Disabled

Heap:
 garbage-first heap   total 96256K, used 79587K [0x0000000083200000, 0x0000000100000000)
  region size 1024K, 40 young (40960K), 1 survivors (1024K)
 Metaspace       used 87776K, committed 88576K, reserved 1130496K
  class space    used 12166K, committed 12480K, reserved 1048576K

Heap Regions: E=young(eden), S=young(survivor), O=old, HS=humongous(starts), HC=humongous(continues), CS=collection set, F=free, OA=open archive, CA=closed archive, TAMS=top-at-mark-start (previous, next)
|   0|0x0000000083200000, 0x0000000083300000, 0x0000000083300000|100%|HS|  |TAMS 0x0000000083300000, 0x0000000083200000| Complete 
|   1|0x0000000083300000, 0x0000000083400000, 0x0000000083400000|100%|HS|  |TAMS 0x0000000083400000, 0x0000000083300000| Complete 
|   2|0x0000000083400000, 0x0000000083500000, 0x0000000083500000|100%| O|  |TAMS 0x0000000083500000, 0x0000000083400000| Untracked 
|   3|0x0000000083500000, 0x0000000083600000, 0x0000000083600000|100%|HS|  |TAMS 0x0000000083600000, 0x0000000083500000| Complete 
|   4|0x0000000083600000, 0x0000000083700000, 0x0000000083700000|100%| O|  |TAMS 0x0000000083700000, 0x0000000083600000| Untracked 
|   5|0x0000000083700000, 0x0000000083800000, 0x0000000083800000|100%| O|  |TAMS 0x0000000083800000, 0x0000000083700000| Untracked 
|   6|0x0000000083800000, 0x0000000083900000, 0x0000000083900000|100%| O|  |TAMS 0x0000000083900000, 0x0000000083800000| Untracked 
|   7|0x0000000083900000, 0x0000000083a00000, 0x0000000083a00000|100%| O|  |TAMS 0x0000000083900000, 0x0000000083900000| Untracked 
|   8|0x0000000083a00000, 0x0000000083b00000, 0x0000000083b00000|100%| O|  |TAMS 0x0000000083a00000, 0x0000000083a00000| Untracked 
|   9|0x0000000083b00000, 0x0000000083c00000, 0x0000000083c00000|100%| O|  |TAMS 0x0000000083b00000, 0x0000000083b00000| Untracked 
|  10|0x0000000083c00000, 0x0000000083d00000, 0x0000000083d00000|100%| O|  |TAMS 0x0000000083d00000, 0x0000000083c00000| Untracked 
|  11|0x0000000083d00000, 0x0000000083e00000, 0x0000000083e00000|100%| O|  |TAMS 0x0000000083e00000, 0x0000000083d00000| Untracked 
|  12|0x0000000083e00000, 0x0000000083f00000, 0x0000000083f00000|100%| O|  |TAMS 0x0000000083f00000, 0x0000000083e00000| Untracked 
|  13|0x0000000083f00000, 0x0000000084000000, 0x0000000084000000|100%| O|  |TAMS 0x0000000084000000, 0x0000000083f00000| Untracked 
|  14|0x0000000084000000, 0x0000000084100000, 0x0000000084100000|100%| O|  |TAMS 0x0000000084100000, 0x0000000084000000| Untracked 
|  15|0x0000000084100000, 0x0000000084200000, 0x0000000084200000|100%| O|  |TAMS 0x0000000084200000, 0x0000000084100000| Untracked 
|  16|0x0000000084200000, 0x0000000084300000, 0x0000000084300000|100%| O|  |TAMS 0x0000000084300000, 0x0000000084200000| Untracked 
|  17|0x0000000084300000, 0x0000000084400000, 0x0000000084400000|100%| O|  |TAMS 0x0000000084400000, 0x0000000084300000| Untracked 
|  18|0x0000000084400000, 0x00000000844f4e00, 0x0000000084500000| 95%| O|  |TAMS 0x0000000084400000, 0x0000000084400000| Untracked 
|  19|0x0000000084500000, 0x0000000084600000, 0x0000000084600000|100%| O|  |TAMS 0x0000000084600000, 0x0000000084500000| Untracked 
|  20|0x0000000084600000, 0x0000000084700000, 0x0000000084700000|100%| O|  |TAMS 0x0000000084700000, 0x0000000084600000| Untracked 
|  21|0x0000000084700000, 0x0000000084800000, 0x0000000084800000|100%| O|  |TAMS 0x0000000084800000, 0x0000000084700000| Untracked 
|  22|0x0000000084800000, 0x0000000084800000, 0x0000000084900000|  0%| F|  |TAMS 0x0000000084800000, 0x0000000084800000| Untracked 
|  23|0x0000000084900000, 0x0000000084a00000, 0x0000000084a00000|100%| O|  |TAMS 0x0000000084900000, 0x0000000084900000| Untracked 
|  24|0x0000000084a00000, 0x0000000084b00000, 0x0000000084b00000|100%| O|  |TAMS 0x0000000084b00000, 0x0000000084a00000| Untracked 
|  25|0x0000000084b00000, 0x0000000084b00000, 0x0000000084c00000|  0%| F|  |TAMS 0x0000000084b00000, 0x0000000084b00000| Untracked 
|  26|0x0000000084c00000, 0x0000000084d00000, 0x0000000084d00000|100%| O|  |TAMS 0x0000000084d00000, 0x0000000084c00000| Untracked 
|  27|0x0000000084d00000, 0x0000000084e00000, 0x0000000084e00000|100%| O|  |TAMS 0x0000000084e00000, 0x0000000084d00000| Untracked 
|  28|0x0000000084e00000, 0x0000000084f00000, 0x0000000084f00000|100%| O|  |TAMS 0x0000000084f00000, 0x0000000084e00000| Untracked 
|  29|0x0000000084f00000, 0x0000000084f00000, 0x0000000085000000|  0%| F|  |TAMS 0x0000000084f00000, 0x0000000084f00000| Untracked 
|  30|0x0000000085000000, 0x0000000085100000, 0x0000000085100000|100%| O|  |TAMS 0x0000000085100000, 0x0000000085000000| Untracked 
|  31|0x0000000085100000, 0x0000000085200000, 0x0000000085200000|100%| O|  |TAMS 0x0000000085200000, 0x0000000085100000| Untracked 
|  32|0x0000000085200000, 0x0000000085200000, 0x0000000085300000|  0%| F|  |TAMS 0x0000000085200000, 0x0000000085200000| Untracked 
|  33|0x0000000085300000, 0x0000000085300000, 0x0000000085400000|  0%| F|  |TAMS 0x0000000085300000, 0x0000000085300000| Untracked 
|  34|0x0000000085400000, 0x0000000085500000, 0x0000000085500000|100%| O|  |TAMS 0x0000000085500000, 0x0000000085400000| Untracked 
|  35|0x0000000085500000, 0x0000000085500000, 0x0000000085600000|  0%| F|  |TAMS 0x0000000085500000, 0x0000000085500000| Untracked 
|  36|0x0000000085600000, 0x0000000085700000, 0x0000000085700000|100%| O|  |TAMS 0x0000000085700000, 0x0000000085600000| Untracked 
|  37|0x0000000085700000, 0x0000000085800000, 0x0000000085800000|100%| O|  |TAMS 0x0000000085800000, 0x0000000085700000| Untracked 
|  38|0x0000000085800000, 0x0000000085900000, 0x0000000085900000|100%| O|  |TAMS 0x0000000085900000, 0x0000000085800000| Untracked 
|  39|0x0000000085900000, 0x0000000085a00000, 0x0000000085a00000|100%| O|  |TAMS 0x0000000085a00000, 0x0000000085900000| Untracked 
|  40|0x0000000085a00000, 0x0000000085b00000, 0x0000000085b00000|100%| O|  |TAMS 0x0000000085b00000, 0x0000000085a00000| Untracked 
|  41|0x0000000085b00000, 0x0000000085c00000, 0x0000000085c00000|100%| O|  |TAMS 0x0000000085c00000, 0x0000000085b00000| Untracked 
|  42|0x0000000085c00000, 0x0000000085d00000, 0x0000000085d00000|100%| O|  |TAMS 0x0000000085cb8a00, 0x0000000085c00000| Untracked 
|  43|0x0000000085d00000, 0x0000000085e00000, 0x0000000085e00000|100%| O|  |TAMS 0x0000000085d00000, 0x0000000085d00000| Untracked 
|  44|0x0000000085e00000, 0x0000000085f00000, 0x0000000085f00000|100%| O|  |TAMS 0x0000000085e00000, 0x0000000085e00000| Untracked 
|  45|0x0000000085f00000, 0x0000000085f00000, 0x0000000086000000|  0%| F|  |TAMS 0x0000000085f00000, 0x0000000085f00000| Untracked 
|  46|0x0000000086000000, 0x0000000086000000, 0x0000000086100000|  0%| F|  |TAMS 0x0000000086000000, 0x0000000086000000| Untracked 
|  47|0x0000000086100000, 0x0000000086100000, 0x0000000086200000|  0%| F|  |TAMS 0x0000000086100000, 0x0000000086100000| Untracked 
|  48|0x0000000086200000, 0x0000000086200000, 0x0000000086300000|  0%| F|  |TAMS 0x0000000086200000, 0x0000000086200000| Untracked 
|  49|0x0000000086300000, 0x0000000086300000, 0x0000000086400000|  0%| F|  |TAMS 0x0000000086300000, 0x0000000086300000| Untracked 
|  50|0x0000000086400000, 0x00000000864c3fe0, 0x0000000086500000| 76%| S|CS|TAMS 0x0000000086400000, 0x0000000086400000| Complete 
|  51|0x0000000086500000, 0x0000000086500000, 0x0000000086600000|  0%| F|  |TAMS 0x0000000086500000, 0x0000000086500000| Untracked 
|  52|0x0000000086600000, 0x0000000086600000, 0x0000000086700000|  0%| F|  |TAMS 0x0000000086600000, 0x0000000086600000| Untracked 
|  53|0x0000000086700000, 0x0000000086700000, 0x0000000086800000|  0%| F|  |TAMS 0x0000000086700000, 0x0000000086700000| Untracked 
|  54|0x0000000086800000, 0x0000000086800000, 0x0000000086900000|  0%| F|  |TAMS 0x0000000086800000, 0x0000000086800000| Untracked 
|  55|0x0000000086900000, 0x00000000869c7e88, 0x0000000086a00000| 78%| E|  |TAMS 0x0000000086900000, 0x0000000086900000| Complete 
|  56|0x0000000086a00000, 0x0000000086b00000, 0x0000000086b00000|100%| E|CS|TAMS 0x0000000086a00000, 0x0000000086a00000| Complete 
|  57|0x0000000086b00000, 0x0000000086c00000, 0x0000000086c00000|100%| E|CS|TAMS 0x0000000086b00000, 0x0000000086b00000| Complete 
|  58|0x0000000086c00000, 0x0000000086d00000, 0x0000000086d00000|100%| E|CS|TAMS 0x0000000086c00000, 0x0000000086c00000| Complete 
|  59|0x0000000086d00000, 0x0000000086e00000, 0x0000000086e00000|100%| E|CS|TAMS 0x0000000086d00000, 0x0000000086d00000| Complete 
|  60|0x0000000086e00000, 0x0000000086f00000, 0x0000000086f00000|100%| E|CS|TAMS 0x0000000086e00000, 0x0000000086e00000| Complete 
|  61|0x0000000086f00000, 0x0000000087000000, 0x0000000087000000|100%| E|CS|TAMS 0x0000000086f00000, 0x0000000086f00000| Complete 
|  62|0x0000000087000000, 0x0000000087100000, 0x0000000087100000|100%| E|CS|TAMS 0x0000000087000000, 0x0000000087000000| Complete 
|  63|0x0000000087100000, 0x0000000087200000, 0x0000000087200000|100%| E|CS|TAMS 0x0000000087100000, 0x0000000087100000| Complete 
|  64|0x0000000087200000, 0x0000000087300000, 0x0000000087300000|100%| E|CS|TAMS 0x0000000087200000, 0x0000000087200000| Complete 
|  65|0x0000000087300000, 0x0000000087400000, 0x0000000087400000|100%| E|CS|TAMS 0x0000000087300000, 0x0000000087300000| Complete 
|  66|0x0000000087400000, 0x0000000087500000, 0x0000000087500000|100%| E|CS|TAMS 0x0000000087400000, 0x0000000087400000| Complete 
|  67|0x0000000087500000, 0x0000000087600000, 0x0000000087600000|100%| E|CS|TAMS 0x0000000087500000, 0x0000000087500000| Complete 
|  68|0x0000000087600000, 0x0000000087700000, 0x0000000087700000|100%| E|CS|TAMS 0x0000000087600000, 0x0000000087600000| Complete 
|  69|0x0000000087700000, 0x0000000087800000, 0x0000000087800000|100%| E|CS|TAMS 0x0000000087700000, 0x0000000087700000| Complete 
|  70|0x0000000087800000, 0x0000000087900000, 0x0000000087900000|100%| E|CS|TAMS 0x0000000087800000, 0x0000000087800000| Complete 
|  71|0x0000000087900000, 0x0000000087a00000, 0x0000000087a00000|100%| E|CS|TAMS 0x0000000087900000, 0x0000000087900000| Complete 
|  72|0x0000000087a00000, 0x0000000087b00000, 0x0000000087b00000|100%| E|CS|TAMS 0x0000000087a00000, 0x0000000087a00000| Complete 
|  73|0x0000000087b00000, 0x0000000087c00000, 0x0000000087c00000|100%| E|CS|TAMS 0x0000000087b00000, 0x0000000087b00000| Complete 
|  74|0x0000000087c00000, 0x0000000087d00000, 0x0000000087d00000|100%| E|CS|TAMS 0x0000000087c00000, 0x0000000087c00000| Complete 
|  75|0x0000000087d00000, 0x0000000087e00000, 0x0000000087e00000|100%| E|CS|TAMS 0x0000000087d00000, 0x0000000087d00000| Complete 
|  76|0x0000000087e00000, 0x0000000087f00000, 0x0000000087f00000|100%| E|CS|TAMS 0x0000000087e00000, 0x0000000087e00000| Complete 
|  77|0x0000000087f00000, 0x0000000088000000, 0x0000000088000000|100%| E|CS|TAMS 0x0000000087f00000, 0x0000000087f00000| Complete 
|  78|0x0000000088000000, 0x0000000088100000, 0x0000000088100000|100%| E|CS|TAMS 0x0000000088000000, 0x0000000088000000| Complete 
|  79|0x0000000088100000, 0x0000000088200000, 0x0000000088200000|100%| E|CS|TAMS 0x0000000088100000, 0x0000000088100000| Complete 
|  80|0x0000000088200000, 0x0000000088300000, 0x0000000088300000|100%| E|CS|TAMS 0x0000000088200000, 0x0000000088200000| Complete 
|  81|0x0000000088300000, 0x0000000088400000, 0x0000000088400000|100%| E|CS|TAMS 0x0000000088300000, 0x0000000088300000| Complete 
|  82|0x0000000088400000, 0x0000000088500000, 0x0000000088500000|100%| E|CS|TAMS 0x0000000088400000, 0x0000000088400000| Complete 
|  83|0x0000000088500000, 0x0000000088600000, 0x0000000088600000|100%| E|CS|TAMS 0x0000000088500000, 0x0000000088500000| Complete 
|  84|0x0000000088600000, 0x0000000088700000, 0x0000000088700000|100%| E|CS|TAMS 0x0000000088600000, 0x0000000088600000| Complete 
|  98|0x0000000089400000, 0x0000000089500000, 0x0000000089500000|100%| E|CS|TAMS 0x0000000089400000, 0x0000000089400000| Complete 
|  99|0x0000000089500000, 0x0000000089600000, 0x0000000089600000|100%| E|CS|TAMS 0x0000000089500000, 0x0000000089500000| Complete 
| 100|0x0000000089600000, 0x0000000089700000, 0x0000000089700000|100%| E|CS|TAMS 0x0000000089600000, 0x0000000089600000| Complete 
| 101|0x0000000089700000, 0x0000000089800000, 0x0000000089800000|100%| E|CS|TAMS 0x0000000089700000, 0x0000000089700000| Complete 
| 102|0x0000000089800000, 0x0000000089900000, 0x0000000089900000|100%| E|CS|TAMS 0x0000000089800000, 0x0000000089800000| Complete 
| 103|0x0000000089900000, 0x0000000089a00000, 0x0000000089a00000|100%| E|CS|TAMS 0x0000000089900000, 0x0000000089900000| Complete 
| 104|0x0000000089a00000, 0x0000000089b00000, 0x0000000089b00000|100%| E|CS|TAMS 0x0000000089a00000, 0x0000000089a00000| Complete 
| 105|0x0000000089b00000, 0x0000000089c00000, 0x0000000089c00000|100%| E|CS|TAMS 0x0000000089b00000, 0x0000000089b00000| Complete 
| 147|0x000000008c500000, 0x000000008c600000, 0x000000008c600000|100%| E|CS|TAMS 0x000000008c500000, 0x000000008c500000| Complete 

Card table byte_map: [0x00000132aaae0000,0x00000132aaed0000] _byte_map_base: 0x00000132aa6c7000

Marking Bits (Prev, Next): (CMBitMap*) 0x000001329fe458d0, (CMBitMap*) 0x000001329fe45910
 Prev Bits: [0x00000132ab2c0000, 0x00000132ad1f8000)
 Next Bits: [0x00000132ad200000, 0x00000132af138000)

Polling page: 0x000001329f5b0000

Metaspace:

Usage:
  Non-class:     73.84 MB used.
      Class:     11.88 MB used.
       Both:     85.72 MB used.

Virtual space:
  Non-class space:       80.00 MB reserved,      74.31 MB ( 93%) committed,  10 nodes.
      Class space:        1.00 GB reserved,      12.19 MB (  1%) committed,  1 nodes.
             Both:        1.08 GB reserved,      86.50 MB (  8%) committed. 

Chunk freelists:
   Non-Class:  1.79 MB
       Class:  3.72 MB
        Both:  5.51 MB

MaxMetaspaceSize: unlimited
CompressedClassSpaceSize: 1.00 GB
Initial GC threshold: 21.00 MB
Current GC threshold: 144.19 MB
CDS: on
MetaspaceReclaimPolicy: balanced
 - commit_granule_bytes: 65536.
 - commit_granule_words: 8192.
 - virtual_space_node_default_size: 1048576.
 - enlarge_chunks_in_place: 1.
 - new_chunks_are_fully_committed: 0.
 - uncommit_free_chunks: 1.
 - use_allocation_guard: 0.
 - handle_deallocations: 1.


Internal statistics:

num_allocs_failed_limit: 9.
num_arena_births: 994.
num_arena_deaths: 264.
num_vsnodes_births: 11.
num_vsnodes_deaths: 0.
num_space_committed: 1384.
num_space_uncommitted: 0.
num_chunks_returned_to_freelist: 303.
num_chunks_taken_from_freelist: 4193.
num_chunk_merges: 108.
num_chunk_splits: 3103.
num_chunks_enlarged: 2540.
num_purges: 2.
num_inconsistent_stats: 0.

CodeCache: size=49152Kb used=14320Kb max_used=15585Kb free=34831Kb
 bounds [0x00000132a75e0000, 0x00000132a8590000, 0x00000132aa5e0000]
 total_blobs=8946 nmethods=8218 adapters=655
 compilation: enabled
              stopped_count=0, restarted_count=0
 full_count=0

Compilation events (20 events):
Event: 2538.634 Thread 0x00000132b1be6d30 nmethod 8413 0x00000132a8124910 code [0x00000132a8124ae0, 0x00000132a8124ca8]
Event: 2538.634 Thread 0x00000132b1be6d30 8414   !   1       sun.nio.ch.NioSocketImpl::create (133 bytes)
Event: 2538.641 Thread 0x00000132b1be6d30 nmethod 8414 0x00000132a8123990 code [0x00000132a8123be0, 0x00000132a8124328]
Event: 2538.641 Thread 0x00000132b1be6d30 8412       1       org.springframework.web.util.DefaultUriBuilderFactory$DefaultUriBuilder::initUriComponentsBuilder (124 bytes)
Event: 2538.646 Thread 0x00000132b1be6d30 nmethod 8412 0x00000132a8122790 code [0x00000132a8122a20, 0x00000132a8123348]
Event: 2538.646 Thread 0x00000132b1be6d30 8417       1       java.util.IdentityHashMap::keySet (25 bytes)
Event: 2538.647 Thread 0x00000132b1be6d30 nmethod 8417 0x00000132a8122390 code [0x00000132a8122520, 0x00000132a81226f8]
Event: 2538.647 Thread 0x00000132b1be6d30 8418       1       java.util.IdentityHashMap$KeySet::<init> (10 bytes)
Event: 2538.647 Thread 0x00000132b1be6d30 nmethod 8418 0x00000132a8122090 code [0x00000132a8122220, 0x00000132a8122338]
Event: 2538.647 Thread 0x00000132b1be6d30 8419       1       java.util.IdentityHashMap::isEmpty (13 bytes)
Event: 2538.648 Thread 0x00000132b1be6d30 nmethod 8419 0x00000132a8121d90 code [0x00000132a8121f20, 0x00000132a8121ff8]
Event: 2555.943 Thread 0x00000132b1be6d30 8420       1       org.postgresql.core.PGStream::getNetworkTimeout (8 bytes)
Event: 2555.944 Thread 0x00000132b1be6d30 nmethod 8420 0x00000132a8121a90 code [0x00000132a8121c20, 0x00000132a8121d08]
Event: 2559.867 Thread 0x00000132b1be6d30 8421       1       java.net.Socket::setKeepAlive (31 bytes)
Event: 2559.868 Thread 0x00000132b1be6d30 nmethod 8421 0x00000132a8121590 code [0x00000132a8121760, 0x00000132a8121978]
Event: 2559.868 Thread 0x00000132b1be6d30 8422       1       java.net.Socket::connect (182 bytes)
Event: 2559.874 Thread 0x00000132b1be6d30 nmethod 8422 0x00000132a8120790 code [0x00000132a8120a00, 0x00000132a8121118]
Event: 2559.874 Thread 0x00000132b1be6d30 8423       1       java.net.Socket::checkAddress (48 bytes)
Event: 2559.876 Thread 0x00000132b1be6d30 nmethod 8423 0x00000132a811ff10 code [0x00000132a8120100, 0x00000132a8120598]
Event: 2559.876 Thread 0x00000132b1be6d30 8424   !   1       java.net.SocksSocketImpl::connect (1574 bytes)

GC Heap History (20 events):
Event: 933.492 GC heap before
{Heap before GC invocations=25 (full 0):
 garbage-first heap   total 96256K, used 45439K [0x0000000083200000, 0x0000000100000000)
  region size 1024K, 4 young (4096K), 1 survivors (1024K)
 Metaspace       used 87733K, committed 88576K, reserved 1130496K
  class space    used 12156K, committed 12480K, reserved 1048576K
}
Event: 934.573 GC heap after
{Heap after GC invocations=26 (full 0):
 garbage-first heap   total 96256K, used 41428K [0x0000000083200000, 0x0000000100000000)
  region size 1024K, 1 young (1024K), 1 survivors (1024K)
 Metaspace       used 87733K, committed 88576K, reserved 1130496K
  class space    used 12156K, committed 12480K, reserved 1048576K
}
Event: 964.820 GC heap before
{Heap before GC invocations=26 (full 0):
 garbage-first heap   total 96256K, used 44500K [0x0000000083200000, 0x0000000100000000)
  region size 1024K, 4 young (4096K), 1 survivors (1024K)
 Metaspace       used 87733K, committed 88576K, reserved 1130496K
  class space    used 12156K, committed 12480K, reserved 1048576K
}
Event: 964.888 GC heap after
{Heap after GC invocations=27 (full 0):
 garbage-first heap   total 96256K, used 40723K [0x0000000083200000, 0x0000000100000000)
  region size 1024K, 1 young (1024K), 1 survivors (1024K)
 Metaspace       used 87733K, committed 88576K, reserved 1130496K
  class space    used 12156K, committed 12480K, reserved 1048576K
}
Event: 988.974 GC heap before
{Heap before GC invocations=27 (full 0):
 garbage-first heap   total 96256K, used 43795K [0x0000000083200000, 0x0000000100000000)
  region size 1024K, 4 young (4096K), 1 survivors (1024K)
 Metaspace       used 87733K, committed 88576K, reserved 1130496K
  class space    used 12156K, committed 12480K, reserved 1048576K
}
Event: 989.027 GC heap after
{Heap after GC invocations=28 (full 0):
 garbage-first heap   total 96256K, used 40199K [0x0000000083200000, 0x0000000100000000)
  region size 1024K, 1 young (1024K), 1 survivors (1024K)
 Metaspace       used 87733K, committed 88576K, reserved 1130496K
  class space    used 12156K, committed 12480K, reserved 1048576K
}
Event: 1007.332 GC heap before
{Heap before GC invocations=28 (full 0):
 garbage-first heap   total 96256K, used 43271K [0x0000000083200000, 0x0000000100000000)
  region size 1024K, 4 young (4096K), 1 survivors (1024K)
 Metaspace       used 87733K, committed 88576K, reserved 1130496K
  class space    used 12156K, committed 12480K, reserved 1048576K
}
Event: 1007.486 GC heap after
{Heap after GC invocations=29 (full 0):
 garbage-first heap   total 96256K, used 40003K [0x0000000083200000, 0x0000000100000000)
  region size 1024K, 1 young (1024K), 1 survivors (1024K)
 Metaspace       used 87733K, committed 88576K, reserved 1130496K
  class space    used 12156K, committed 12480K, reserved 1048576K
}
Event: 1034.265 GC heap before
{Heap before GC invocations=29 (full 0):
 garbage-first heap   total 96256K, used 42051K [0x0000000083200000, 0x0000000100000000)
  region size 1024K, 4 young (4096K), 1 survivors (1024K)
 Metaspace       used 87733K, committed 88576K, reserved 1130496K
  class space    used 12156K, committed 12480K, reserved 1048576K
}
Event: 1034.267 GC heap after
{Heap after GC invocations=30 (full 0):
 garbage-first heap   total 96256K, used 39985K [0x0000000083200000, 0x0000000100000000)
  region size 1024K, 1 young (1024K), 1 survivors (1024K)
 Metaspace       used 87733K, committed 88576K, reserved 1130496K
  class space    used 12156K, committed 12480K, reserved 1048576K
}
Event: 1095.708 GC heap before
{Heap before GC invocations=30 (full 0):
 garbage-first heap   total 96256K, used 47153K [0x0000000083200000, 0x0000000100000000)
  region size 1024K, 9 young (9216K), 1 survivors (1024K)
 Metaspace       used 87745K, committed 88576K, reserved 1130496K
  class space    used 12159K, committed 12480K, reserved 1048576K
}
Event: 1095.712 GC heap after
{Heap after GC invocations=31 (full 0):
 garbage-first heap   total 96256K, used 40031K [0x0000000083200000, 0x0000000100000000)
  region size 1024K, 1 young (1024K), 1 survivors (1024K)
 Metaspace       used 87745K, committed 88576K, reserved 1130496K
  class space    used 12159K, committed 12480K, reserved 1048576K
}
Event: 1307.366 GC heap before
{Heap before GC invocations=31 (full 0):
 garbage-first heap   total 96256K, used 67679K [0x0000000083200000, 0x0000000100000000)
  region size 1024K, 28 young (28672K), 1 survivors (1024K)
 Metaspace       used 87760K, committed 88576K, reserved 1130496K
  class space    used 12162K, committed 12480K, reserved 1048576K
}
Event: 1307.427 GC heap after
{Heap after GC invocations=32 (full 0):
 garbage-first heap   total 96256K, used 40050K [0x0000000083200000, 0x0000000100000000)
  region size 1024K, 1 young (1024K), 1 survivors (1024K)
 Metaspace       used 87760K, committed 88576K, reserved 1130496K
  class space    used 12162K, committed 12480K, reserved 1048576K
}
Event: 1608.328 GC heap before
{Heap before GC invocations=32 (full 0):
 garbage-first heap   total 96256K, used 82034K [0x0000000083200000, 0x0000000100000000)
  region size 1024K, 42 young (43008K), 1 survivors (1024K)
 Metaspace       used 87775K, committed 88576K, reserved 1130496K
  class space    used 12165K, committed 12480K, reserved 1048576K
}
Event: 1608.342 GC heap after
{Heap after GC invocations=33 (full 0):
 garbage-first heap   total 96256K, used 40653K [0x0000000083200000, 0x0000000100000000)
  region size 1024K, 1 young (1024K), 1 survivors (1024K)
 Metaspace       used 87775K, committed 88576K, reserved 1130496K
  class space    used 12165K, committed 12480K, reserved 1048576K
}
Event: 1927.495 GC heap before
{Heap before GC invocations=33 (full 0):
 garbage-first heap   total 96256K, used 82637K [0x0000000083200000, 0x0000000100000000)
  region size 1024K, 42 young (43008K), 1 survivors (1024K)
 Metaspace       used 87775K, committed 88576K, reserved 1130496K
  class space    used 12165K, committed 12480K, reserved 1048576K
}
Event: 1927.504 GC heap after
{Heap after GC invocations=34 (full 0):
 garbage-first heap   total 96256K, used 40649K [0x0000000083200000, 0x0000000100000000)
  region size 1024K, 1 young (1024K), 1 survivors (1024K)
 Metaspace       used 87775K, committed 88576K, reserved 1130496K
  class space    used 12165K, committed 12480K, reserved 1048576K
}
Event: 2255.953 GC heap before
{Heap before GC invocations=34 (full 0):
 garbage-first heap   total 96256K, used 83657K [0x0000000083200000, 0x0000000100000000)
  region size 1024K, 43 young (44032K), 1 survivors (1024K)
 Metaspace       used 87776K, committed 88576K, reserved 1130496K
  class space    used 12166K, committed 12480K, reserved 1048576K
}
Event: 2255.985 GC heap after
{Heap after GC invocations=35 (full 0):
 garbage-first heap   total 96256K, used 40675K [0x0000000083200000, 0x0000000100000000)
  region size 1024K, 1 young (1024K), 1 survivors (1024K)
 Metaspace       used 87776K, committed 88576K, reserved 1130496K
  class space    used 12166K, committed 12480K, reserved 1048576K
}

Deoptimization events (20 events):
Event: 4.850 Thread 0x000001329fdfcbc0 DEOPT PACKING pc=0x00000132a7bccb19 sp=0x000000068c5fd2f0
Event: 4.850 Thread 0x000001329fdfcbc0 DEOPT UNPACKING pc=0x00000132a7632b43 sp=0x000000068c5fc7d0 mode 3
Event: 5.231 Thread 0x000001329fdfcbc0 DEOPT PACKING pc=0x00000132a7c264ad sp=0x000000068c5fe4c0
Event: 5.231 Thread 0x000001329fdfcbc0 DEOPT UNPACKING pc=0x00000132a7632b43 sp=0x000000068c5fda20 mode 3
Event: 5.532 Thread 0x000001329fdfcbc0 DEOPT PACKING pc=0x00000132a7c3e955 sp=0x000000068c5fd8d0
Event: 5.532 Thread 0x000001329fdfcbc0 DEOPT UNPACKING pc=0x00000132a7632b43 sp=0x000000068c5fcd78 mode 3
Event: 9.483 Thread 0x000001329fdfcbc0 DEOPT PACKING pc=0x00000132a7e90a9d sp=0x000000068c5fd240
Event: 9.483 Thread 0x000001329fdfcbc0 DEOPT UNPACKING pc=0x00000132a7632b43 sp=0x000000068c5fc7a8 mode 3
Event: 9.992 Thread 0x000001329fdfcbc0 DEOPT PACKING pc=0x00000132a7a72c81 sp=0x000000068c5fe670
Event: 9.992 Thread 0x000001329fdfcbc0 DEOPT UNPACKING pc=0x00000132a7632b43 sp=0x000000068c5fdb00 mode 3
Event: 9.992 Thread 0x00000132b407b9d0 DEOPT PACKING pc=0x00000132a7bd762f sp=0x000000068e3feed0
Event: 9.992 Thread 0x00000132b407b9d0 DEOPT UNPACKING pc=0x00000132a7632b43 sp=0x000000068e3fe338 mode 3
Event: 28.861 Thread 0x000001329fdfcbc0 DEOPT PACKING pc=0x00000132a7ab8f1c sp=0x000000068c5fc6d0
Event: 28.861 Thread 0x000001329fdfcbc0 DEOPT UNPACKING pc=0x00000132a7632b43 sp=0x000000068c5fbc00 mode 0
Event: 32.652 Thread 0x000001329fdfcbc0 DEOPT PACKING pc=0x00000132a77b3a40 sp=0x000000068c5f6060
Event: 32.652 Thread 0x000001329fdfcbc0 DEOPT UNPACKING pc=0x00000132a7632b43 sp=0x000000068c5f54d0 mode 3
Event: 32.727 Thread 0x000001329fdfcbc0 DEOPT PACKING pc=0x00000132a770f619 sp=0x000000068c5f5e50
Event: 32.727 Thread 0x000001329fdfcbc0 DEOPT UNPACKING pc=0x00000132a7632b43 sp=0x000000068c5f5330 mode 3
Event: 43.903 Thread 0x00000132b7478bd0 DEOPT PACKING pc=0x00000132a7fc159c sp=0x000000068fbfdd00
Event: 43.903 Thread 0x00000132b7478bd0 DEOPT UNPACKING pc=0x00000132a7632b43 sp=0x000000068fbfd1c0 mode 0

Classes unloaded (20 events):
Event: 474.239 Thread 0x00000132b1bc2ee0 Unloading class 0x0000000800d2cc00 'java/lang/invoke/LambdaForm$MH+0x0000000800d2cc00'
Event: 474.239 Thread 0x00000132b1bc2ee0 Unloading class 0x0000000800d2c800 'java/lang/invoke/LambdaForm$MH+0x0000000800d2c800'
Event: 474.239 Thread 0x00000132b1bc2ee0 Unloading class 0x0000000800d2c400 'java/lang/invoke/LambdaForm$MH+0x0000000800d2c400'
Event: 474.239 Thread 0x00000132b1bc2ee0 Unloading class 0x0000000800d2c000 'java/lang/invoke/LambdaForm$MH+0x0000000800d2c000'
Event: 474.239 Thread 0x00000132b1bc2ee0 Unloading class 0x0000000800d21000 'java/lang/invoke/LambdaForm$MH+0x0000000800d21000'
Event: 474.239 Thread 0x00000132b1bc2ee0 Unloading class 0x0000000800d20c00 'java/lang/invoke/LambdaForm$MH+0x0000000800d20c00'
Event: 474.239 Thread 0x00000132b1bc2ee0 Unloading class 0x0000000800d20400 'java/lang/invoke/LambdaForm$MH+0x0000000800d20400'
Event: 474.239 Thread 0x00000132b1bc2ee0 Unloading class 0x0000000800d08000 'java/lang/invoke/LambdaForm$DMH+0x0000000800d08000'
Event: 474.239 Thread 0x00000132b1bc2ee0 Unloading class 0x0000000800c2cc00 'java/lang/invoke/LambdaForm$MH+0x0000000800c2cc00'
Event: 474.239 Thread 0x00000132b1bc2ee0 Unloading class 0x0000000800c2c800 'java/lang/invoke/LambdaForm$MH+0x0000000800c2c800'
Event: 474.239 Thread 0x00000132b1bc2ee0 Unloading class 0x0000000800c2c000 'java/lang/invoke/LambdaForm$MH+0x0000000800c2c000'
Event: 474.239 Thread 0x00000132b1bc2ee0 Unloading class 0x0000000800c2bc00 'java/lang/invoke/LambdaForm$MH+0x0000000800c2bc00'
Event: 474.239 Thread 0x00000132b1bc2ee0 Unloading class 0x0000000800c2ac00 'java/lang/invoke/LambdaForm$MH+0x0000000800c2ac00'
Event: 474.239 Thread 0x00000132b1bc2ee0 Unloading class 0x0000000800c2a400 'java/lang/invoke/LambdaForm$MH+0x0000000800c2a400'
Event: 474.239 Thread 0x00000132b1bc2ee0 Unloading class 0x0000000800c2a000 'java/lang/invoke/LambdaForm$MH+0x0000000800c2a000'
Event: 474.239 Thread 0x00000132b1bc2ee0 Unloading class 0x0000000800c29c00 'java/lang/invoke/LambdaForm$MH+0x0000000800c29c00'
Event: 474.239 Thread 0x00000132b1bc2ee0 Unloading class 0x0000000800c29800 'java/lang/invoke/LambdaForm$MH+0x0000000800c29800'
Event: 474.239 Thread 0x00000132b1bc2ee0 Unloading class 0x0000000800c29400 'java/lang/invoke/LambdaForm$MH+0x0000000800c29400'
Event: 474.239 Thread 0x00000132b1bc2ee0 Unloading class 0x0000000800c28c00 'java/lang/invoke/LambdaForm$MH+0x0000000800c28c00'
Event: 474.239 Thread 0x00000132b1bc2ee0 Unloading class 0x0000000800c28400 'java/lang/invoke/LambdaForm$MH+0x0000000800c28400'

Classes redefined (0 events):
No events

Internal exceptions (20 events):
Event: 2558.679 Thread 0x00000132b7478bd0 Exception <a 'java/net/ConnectException'{0x0000000086914828}: Connection refused: no further information> (0x0000000086914828) 
thrown [t:\workspace\open\src\hotspot\share\prims\jni.cpp, line 535]
Event: 2558.679 Thread 0x00000132b7478bd0 Exception <a 'java/io/IOException'{0x0000000086916638}> (0x0000000086916638) 
thrown [t:\workspace\open\src\hotspot\share\prims\jni.cpp, line 516]
Event: 2558.679 Thread 0x00000132b7478bd0 Exception <a 'java/io/IOException'{0x0000000086917fb0}> (0x0000000086917fb0) 
thrown [t:\workspace\open\src\hotspot\share\prims\jni.cpp, line 516]
Event: 2558.679 Thread 0x00000132b7478bd0 Exception <a 'java/io/IOException'{0x00000000869198d0}> (0x00000000869198d0) 
thrown [t:\workspace\open\src\hotspot\share\prims\jni.cpp, line 516]
Event: 2559.279 Thread 0x00000132b747a8b0 Exception <a 'java/net/ConnectException'{0x0000000086ad83c0}: Connection refused: no further information> (0x0000000086ad83c0) 
thrown [t:\workspace\open\src\hotspot\share\prims\jni.cpp, line 535]
Event: 2559.279 Thread 0x00000132b747a8b0 Exception <a 'java/io/IOException'{0x0000000086ada1d0}> (0x0000000086ada1d0) 
thrown [t:\workspace\open\src\hotspot\share\prims\jni.cpp, line 516]
Event: 2559.279 Thread 0x00000132b747a8b0 Exception <a 'java/io/IOException'{0x0000000086adbb48}> (0x0000000086adbb48) 
thrown [t:\workspace\open\src\hotspot\share\prims\jni.cpp, line 516]
Event: 2559.279 Thread 0x00000132b747a8b0 Exception <a 'java/io/IOException'{0x0000000086add468}> (0x0000000086add468) 
thrown [t:\workspace\open\src\hotspot\share\prims\jni.cpp, line 516]
Event: 2559.390 Thread 0x00000132b747a8b0 Exception <a 'java/io/IOException'{0x0000000086ae04e8}> (0x0000000086ae04e8) 
thrown [t:\workspace\open\src\hotspot\share\prims\jni.cpp, line 516]
Event: 2559.454 Thread 0x00000132b747a8b0 Exception <a 'java/io/IOException'{0x0000000086ae3120}> (0x0000000086ae3120) 
thrown [t:\workspace\open\src\hotspot\share\prims\jni.cpp, line 516]
Event: 2559.564 Thread 0x00000132b7478bd0 Exception <a 'java/io/IOException'{0x0000000086920138}> (0x0000000086920138) 
thrown [t:\workspace\open\src\hotspot\share\prims\jni.cpp, line 516]
Event: 2559.674 Thread 0x00000132b747a8b0 Exception <a 'java/io/IOException'{0x0000000086ae5c68}> (0x0000000086ae5c68) 
thrown [t:\workspace\open\src\hotspot\share\prims\jni.cpp, line 516]
Event: 2559.737 Thread 0x00000132b747a8b0 Exception <a 'java/io/IOException'{0x0000000086ae8878}> (0x0000000086ae8878) 
thrown [t:\workspace\open\src\hotspot\share\prims\jni.cpp, line 516]
Event: 2559.868 Thread 0x00000132b7479a40 Exception <a 'java/net/ConnectException'{0x000000008697fd78}: Connection refused: no further information> (0x000000008697fd78) 
thrown [t:\workspace\open\src\hotspot\share\prims\jni.cpp, line 535]
Event: 2559.868 Thread 0x00000132b7479a40 Exception <a 'java/net/SocketException'{0x0000000086980358}: Socket is not connected: shutdown> (0x0000000086980358) 
thrown [t:\workspace\open\src\hotspot\share\prims\jni.cpp, line 535]
Event: 2559.868 Thread 0x00000132b7479a40 Exception <a 'java/net/ConnectException'{0x0000000086980f38}: Connection refused: no further information> (0x0000000086980f38) 
thrown [t:\workspace\open\src\hotspot\share\prims\jni.cpp, line 535]
Event: 2559.868 Thread 0x00000132b7479a40 Exception <a 'java/net/SocketException'{0x0000000086981518}: Socket is not connected: shutdown> (0x0000000086981518) 
thrown [t:\workspace\open\src\hotspot\share\prims\jni.cpp, line 535]
Event: 2559.869 Thread 0x00000132b7479a40 Exception <a 'java/io/IOException'{0x00000000869a7cf0}> (0x00000000869a7cf0) 
thrown [t:\workspace\open\src\hotspot\share\prims\jni.cpp, line 516]
Event: 2559.869 Thread 0x00000132b7479a40 Exception <a 'java/io/IOException'{0x00000000869a9758}> (0x00000000869a9758) 
thrown [t:\workspace\open\src\hotspot\share\prims\jni.cpp, line 516]
Event: 2559.870 Thread 0x00000132b7479a40 Exception <a 'java/io/IOException'{0x00000000869b2008}> (0x00000000869b2008) 
thrown [t:\workspace\open\src\hotspot\share\prims\jni.cpp, line 516]

VM Operations (20 events):
Event: 1938.595 Executing VM operation: Cleanup
Event: 1938.596 Executing VM operation: Cleanup done
Event: 1989.861 Executing VM operation: Cleanup
Event: 1989.861 Executing VM operation: Cleanup done
Event: 2139.692 Executing VM operation: Cleanup
Event: 2139.692 Executing VM operation: Cleanup done
Event: 2148.734 Executing VM operation: Cleanup
Event: 2148.734 Executing VM operation: Cleanup done
Event: 2255.950 Executing VM operation: G1CollectForAllocation
Event: 2255.985 Executing VM operation: G1CollectForAllocation done
Event: 2290.178 Executing VM operation: Cleanup
Event: 2290.178 Executing VM operation: Cleanup done
Event: 2328.411 Executing VM operation: Cleanup
Event: 2328.411 Executing VM operation: Cleanup done
Event: 2350.545 Executing VM operation: Cleanup
Event: 2350.546 Executing VM operation: Cleanup done
Event: 2479.360 Executing VM operation: Cleanup
Event: 2479.360 Executing VM operation: Cleanup done
Event: 2538.777 Executing VM operation: Cleanup
Event: 2538.777 Executing VM operation: Cleanup done

Events (20 events):
Event: 1749.078 Thread 0x00000132b99a0030 Thread added: 0x00000132b99a0030
Event: 1754.098 Thread 0x00000132b99a0030 Thread exited: 0x00000132b99a0030
Event: 1757.877 Thread 0x00000132b99a0030 Thread added: 0x00000132b99a0030
Event: 1766.065 Thread 0x00000132b99a0030 Thread exited: 0x00000132b99a0030
Event: 1869.182 Thread 0x00000132b9a80930 Thread added: 0x00000132b9a80930
Event: 1869.182 Thread 0x00000132b99a1950 Thread added: 0x00000132b99a1950
Event: 1869.182 Thread 0x00000132b9980700 Thread added: 0x00000132b9980700
Event: 1874.188 Thread 0x00000132b9980700 Thread exited: 0x00000132b9980700
Event: 1874.188 Thread 0x00000132b99a1950 Thread exited: 0x00000132b99a1950
Event: 1874.188 Thread 0x00000132b9a80930 Thread exited: 0x00000132b9a80930
Event: 1877.973 Thread 0x00000132b9a80930 Thread added: 0x00000132b9a80930
Event: 1877.973 Thread 0x00000132b99a1950 Thread added: 0x00000132b99a1950
Event: 1877.973 Thread 0x00000132b9980700 Thread added: 0x00000132b9980700
Event: 1881.188 Thread 0x00000132b9980700 Thread exited: 0x00000132b9980700
Event: 1886.188 Thread 0x00000132b99a1950 Thread exited: 0x00000132b99a1950
Event: 1891.196 Thread 0x00000132b9a80930 Thread exited: 0x00000132b9a80930
Event: 1959.304 Thread 0x00000132b1c41de0 Thread added: 0x00000132b1c41de0
Event: 1964.303 Thread 0x00000132b1c41de0 Thread exited: 0x00000132b1c41de0
Event: 2079.406 Thread 0x00000132b1c41de0 Thread added: 0x00000132b1c41de0
Event: 2084.425 Thread 0x00000132b1c41de0 Thread exited: 0x00000132b1c41de0


Dynamic libraries:
0x00007ff6f2260000 - 0x00007ff6f2270000 	C:\Program Files\Java\jdk-17.0.1\bin\java.exe
0x00007ffacab70000 - 0x00007ffacad88000 	C:\WINDOWS\SYSTEM32\ntdll.dll
0x00007ffaca540000 - 0x00007ffaca604000 	C:\WINDOWS\System32\KERNEL32.DLL
0x00007ffac81a0000 - 0x00007ffac8573000 	C:\WINDOWS\System32\KERNELBASE.dll
0x00007ffac7ee0000 - 0x00007ffac7ff1000 	C:\WINDOWS\System32\ucrtbase.dll
0x00007ffa6c7e0000 - 0x00007ffa6c7f8000 	C:\Program Files\Java\jdk-17.0.1\bin\jli.dll
0x00007ffac8810000 - 0x00007ffac88c1000 	C:\WINDOWS\System32\ADVAPI32.dll
0x00007ffac8c60000 - 0x00007ffac8d07000 	C:\WINDOWS\System32\msvcrt.dll
0x00007ffaca480000 - 0x00007ffaca528000 	C:\WINDOWS\System32\sechost.dll
0x00007ffac8000000 - 0x00007ffac8028000 	C:\WINDOWS\System32\bcrypt.dll
0x00007ffac89d0000 - 0x00007ffac8ae8000 	C:\WINDOWS\System32\RPCRT4.dll
0x00007ffac9870000 - 0x00007ffac9a22000 	C:\WINDOWS\System32\USER32.dll
0x00007ffac8580000 - 0x00007ffac85a6000 	C:\WINDOWS\System32\win32u.dll
0x00007ffac8d20000 - 0x00007ffac8d49000 	C:\WINDOWS\System32\GDI32.dll
0x00007ffac7c80000 - 0x00007ffac7d9b000 	C:\WINDOWS\System32\gdi32full.dll
0x00007ffac8630000 - 0x00007ffac86ca000 	C:\WINDOWS\System32\msvcp_win.dll
0x00007ffa6bdd0000 - 0x00007ffa6bdea000 	C:\Program Files\Java\jdk-17.0.1\bin\VCRUNTIME140.dll
0x00007ffaac510000 - 0x00007ffaac7ac000 	C:\WINDOWS\WinSxS\amd64_microsoft.windows.common-controls_6595b64144ccf1df_6.0.22621.6060_none_2712eda17382d24b\COMCTL32.dll
0x00007ffac1ee0000 - 0x00007ffac1eea000 	C:\WINDOWS\SYSTEM32\VERSION.dll
0x00007ffacaaf0000 - 0x00007ffacab21000 	C:\WINDOWS\System32\IMM32.DLL
0x00007ffa92da0000 - 0x00007ffa92dac000 	C:\Program Files\Java\jdk-17.0.1\bin\vcruntime140_1.dll
0x00007ffa03340000 - 0x00007ffa033cd000 	C:\Program Files\Java\jdk-17.0.1\bin\msvcp140.dll
0x00007ff9d2b10000 - 0x00007ff9d36ce000 	C:\Program Files\Java\jdk-17.0.1\bin\server\jvm.dll
0x00007ffaca530000 - 0x00007ffaca538000 	C:\WINDOWS\System32\PSAPI.DLL
0x00007ffac3170000 - 0x00007ffac31a4000 	C:\WINDOWS\SYSTEM32\WINMM.dll
0x00007ffaac140000 - 0x00007ffaac149000 	C:\WINDOWS\SYSTEM32\WSOCK32.dll
0x00007ffac8d50000 - 0x00007ffac8dc1000 	C:\WINDOWS\System32\WS2_32.dll
0x00007ffac6d10000 - 0x00007ffac6d28000 	C:\WINDOWS\SYSTEM32\kernel.appcore.dll
0x00007ffa92050000 - 0x00007ffa9205a000 	C:\Program Files\Java\jdk-17.0.1\bin\jimage.dll
0x00007ffac5440000 - 0x00007ffac5673000 	C:\WINDOWS\SYSTEM32\DBGHELP.DLL
0x00007ffac9ab0000 - 0x00007ffac9e41000 	C:\WINDOWS\System32\combase.dll
0x00007ffacaa10000 - 0x00007ffacaae8000 	C:\WINDOWS\System32\OLEAUT32.dll
0x00007ffab98b0000 - 0x00007ffab98e2000 	C:\WINDOWS\SYSTEM32\dbgcore.DLL
0x00007ffac85b0000 - 0x00007ffac862b000 	C:\WINDOWS\System32\bcryptPrimitives.dll
0x00007ffa68700000 - 0x00007ffa68725000 	C:\Program Files\Java\jdk-17.0.1\bin\java.dll
0x00007ffa03260000 - 0x00007ffa03336000 	C:\Program Files\Java\jdk-17.0.1\bin\svml.dll
0x00007ffac8ec0000 - 0x00007ffac975c000 	C:\WINDOWS\System32\SHELL32.dll
0x00007ffac7da0000 - 0x00007ffac7edf000 	C:\WINDOWS\System32\wintypes.dll
0x00007ffac5b40000 - 0x00007ffac645a000 	C:\WINDOWS\SYSTEM32\windows.storage.dll
0x00007ffaca720000 - 0x00007ffaca824000 	C:\WINDOWS\System32\SHCORE.dll
0x00007ffac88d0000 - 0x00007ffac8939000 	C:\WINDOWS\System32\shlwapi.dll
0x00007ffac7bb0000 - 0x00007ffac7bd5000 	C:\WINDOWS\SYSTEM32\profapi.dll
0x00007ffa686e0000 - 0x00007ffa686f9000 	C:\Program Files\Java\jdk-17.0.1\bin\net.dll
0x00007ffac46c0000 - 0x00007ffac47ec000 	C:\WINDOWS\SYSTEM32\WINHTTP.dll
0x00007ffac71d0000 - 0x00007ffac7239000 	C:\WINDOWS\system32\mswsock.dll
0x00007ffa686c0000 - 0x00007ffa686d5000 	C:\Program Files\Java\jdk-17.0.1\bin\nio.dll
0x00007ffa519e0000 - 0x00007ffa519f8000 	C:\Program Files\Java\jdk-17.0.1\bin\zip.dll
0x00007ffac6730000 - 0x00007ffac675d000 	C:\WINDOWS\SYSTEM32\IPHLPAPI.DLL
0x00007ffac9760000 - 0x00007ffac9769000 	C:\WINDOWS\System32\NSI.dll
0x00007ffac3610000 - 0x00007ffac3629000 	C:\WINDOWS\SYSTEM32\dhcpcsvc6.DLL
0x00007ffac3570000 - 0x00007ffac358f000 	C:\WINDOWS\SYSTEM32\dhcpcsvc.DLL
0x00007ffac6760000 - 0x00007ffac6858000 	C:\WINDOWS\SYSTEM32\DNSAPI.dll
0x00007ffa91ff0000 - 0x00007ffa91ffe000 	C:\Program Files\Java\jdk-17.0.1\bin\sunmscapi.dll
0x00007ffac8030000 - 0x00007ffac8198000 	C:\WINDOWS\System32\CRYPT32.dll
0x00007ffac7640000 - 0x00007ffac766e000 	C:\WINDOWS\SYSTEM32\ncrypt.dll
0x00007ffac7600000 - 0x00007ffac7637000 	C:\WINDOWS\SYSTEM32\NTASN1.dll
0x00007ffac7520000 - 0x00007ffac753b000 	C:\WINDOWS\SYSTEM32\CRYPTSP.dll
0x00007ffac6c70000 - 0x00007ffac6ca7000 	C:\WINDOWS\system32\rsaenh.dll
0x00007ffac7270000 - 0x00007ffac7298000 	C:\WINDOWS\SYSTEM32\USERENV.dll
0x00007ffac7500000 - 0x00007ffac750c000 	C:\WINDOWS\SYSTEM32\CRYPTBASE.dll
0x00007ffa88a30000 - 0x00007ffa88a39000 	C:\Program Files\Java\jdk-17.0.1\bin\management.dll
0x00007ffa883d0000 - 0x00007ffa883db000 	C:\Program Files\Java\jdk-17.0.1\bin\management_ext.dll
0x00007ffac2b30000 - 0x00007ffac2b3a000 	C:\Windows\System32\rasadhlp.dll
0x00007ffac2d30000 - 0x00007ffac2db4000 	C:\WINDOWS\System32\fwpuclnt.dll
0x00007ffa87f10000 - 0x00007ffa87f20000 	C:\Program Files\Java\jdk-17.0.1\bin\verify.dll
0x00007ffa9aac0000 - 0x00007ffa9aac8000 	C:\WINDOWS\system32\wshunix.dll

dbghelp: loaded successfully - version: 4.0.5 - missing functions: none
symbol engine: initialized successfully - sym options: 0x614 - pdb path: .;C:\Program Files\Java\jdk-17.0.1\bin;C:\WINDOWS\SYSTEM32;C:\WINDOWS\WinSxS\amd64_microsoft.windows.common-controls_6595b64144ccf1df_6.0.22621.6060_none_2712eda17382d24b;C:\Program Files\Java\jdk-17.0.1\bin\server

VM Arguments:
jvm_args: -XX:TieredStopAtLevel=1 
java_command: com.nexus.wallet.wallet_service.WalletServiceApplication
java_class_path (initial): C:\Users\ibrah\OneDrive\Desktop\nexus-wallet\wallet-service\target\classes;C:\Users\ibrah\.m2\repository\ch\qos\logback\logback-classic\1.5.32\logback-classic-1.5.32.jar;C:\Users\ibrah\.m2\repository\ch\qos\logback\logback-core\1.5.32\logback-core-1.5.32.jar;C:\Users\ibrah\.m2\repository\org\apache\logging\log4j\log4j-to-slf4j\2.25.3\log4j-to-slf4j-2.25.3.jar;C:\Users\ibrah\.m2\repository\org\slf4j\jul-to-slf4j\2.0.17\jul-to-slf4j-2.0.17.jar;C:\Users\ibrah\.m2\repository\org\springframework\boot\spring-boot-autoconfigure\4.0.5\spring-boot-autoconfigure-4.0.5.jar;C:\Users\ibrah\.m2\repository\jakarta\annotation\jakarta.annotation-api\3.0.0\jakarta.annotation-api-3.0.0.jar;C:\Users\ibrah\.m2\repository\org\yaml\snakeyaml\2.5\snakeyaml-2.5.jar;C:\Users\ibrah\.m2\repository\com\zaxxer\HikariCP\7.0.2\HikariCP-7.0.2.jar;C:\Users\ibrah\.m2\repository\org\springframework\boot\spring-boot-data-jpa\4.0.5\spring-boot-data-jpa-4.0.5.jar;C:\Users\ibrah\.m2\repository\org\springframework\boot\spring-boot-data-commons\4.0.5\spring-boot-data-commons-4.0.5.jar;C:\Users\ibrah\.m2\repository\org\springframework\boot\spring-boot-persistence\4.0.5\spring-boot-persistence-4.0.5.jar;C:\Users\ibrah\.m2\repository\org\springframework\data\spring-data-commons\4.0.4\spring-data-commons-4.0.4.jar;C:\Users\ibrah\.m2\repository\org\springframework\boot\spring-boot-hibernate\4.0.5\spring-boot-hibernate-4.0.5.jar;C:\Users\ibrah\.m2\repository\org\springframework\boot\spring-boot-jpa\4.0.5\spring-boot-jpa-4.0.5.jar;C:\Users\ibrah\.m2\repository\jakarta\persistence\jakarta.persistence-api\3.2.0\jakarta.persistence-api-3.2.0.jar;C:\Users\ibrah\.m2\repository\org\hibernate\orm\hibernate-core\7.2.7.Final\hibernate-core-7.2.7.Final.jar;C:\Users\ibrah\.m2\repository\jakarta\transaction\jakarta.transaction-api\2.0.1\jakarta.transaction-api-2.0.1.jar;C:\Users\ibrah\.m2\repository\org\jboss\logging\jboss-logging\3.6.3.Final\jboss-logging-3.6.3.Final.jar;C:\Users\ibrah\.m2\reposi
Launcher Type: SUN_STANDARD

[Global flags]
     intx CICompilerCount                          = 4                                         {product} {ergonomic}
     uint ConcGCThreads                            = 2                                         {product} {ergonomic}
     uint G1ConcRefinementThreads                  = 8                                         {product} {ergonomic}
   size_t G1HeapRegionSize                         = 1048576                                   {product} {ergonomic}
    uintx GCDrainStackTargetSize                   = 64                                        {product} {ergonomic}
   size_t InitialHeapSize                          = 132120576                                 {product} {ergonomic}
   size_t MarkStackSize                            = 4194304                                   {product} {ergonomic}
   size_t MaxHeapSize                              = 2095054848                                {product} {ergonomic}
   size_t MaxNewSize                               = 1256194048                                {product} {ergonomic}
   size_t MinHeapDeltaBytes                        = 1048576                                   {product} {ergonomic}
   size_t MinHeapSize                              = 8388608                                   {product} {ergonomic}
    uintx NonProfiledCodeHeapSize                  = 0                                      {pd product} {ergonomic}
     bool ProfileInterpreter                       = false                                  {pd product} {command line}
    uintx ProfiledCodeHeapSize                     = 0                                      {pd product} {ergonomic}
   size_t SoftMaxHeapSize                          = 2095054848                             {manageable} {ergonomic}
     intx TieredStopAtLevel                        = 1                                         {product} {command line}
     bool UseCompressedClassPointers               = true                           {product lp64_product} {ergonomic}
     bool UseCompressedOops                        = true                           {product lp64_product} {ergonomic}
     bool UseG1GC                                  = true                                      {product} {ergonomic}
     bool UseLargePagesIndividualAllocation        = false                                  {pd product} {ergonomic}

Logging:
Log output configuration:
 #0: stdout all=warning uptime,level,tags
 #1: stderr all=off uptime,level,tags

Environment Variables:
JAVA_HOME=C:\Program Files\Java\jdk-17.0.1
PATH=C:\WINDOWS\system32;C:\WINDOWS;C:\WINDOWS\System32\Wbem;C:\WINDOWS\System32\WindowsPowerShell\v1.0\;C:\WINDOWS\System32\OpenSSH\;C:\Program Files\Git\cmd;C:\Users\ibrah\AppData\Local\Android\Sdk\platforms;C:\Users\ibrah\AppData\Local\Android\Sdk\platform-tools;C:\scrcpy;C:\Program Files\Docker\Docker\resources\bin;C:\Program Files (x86)\NVIDIA Corporation\PhysX\Common;C:\Users\ibrah\AppData\Local\Programs\Python\Python311\Scripts;C:\Program Files\dotnet\;C:\Users\ibrah\Downloads\apache-maven-3.9.9\bin;C:\Program Files\Java\jdk-17.0.1\bin;;C:\Program Files\NVIDIA Corporation\NVIDIA app\NvDLISR;C:\Program Files\nodejs\;C:\Program Files\cursor\resources\app\bin;C:\Users\ibrah\AppData\Local\Programs\Python\Launcher\;C:\Users\ibrah\AppData\Local\Microsoft\WindowsApps;C:\Users\ibrah\AppData\Local\Programs\Microsoft VS Code\bin;C:\Users\ibrah\AppData\Local\flutter\flutter;C:\Users\ibrah\AppData\Local\GitHubDesktop\bin;C:\scrcpy;C:\Program Files\PostgreSQL\16;C:\Program Files\PostgreSQL\16\bin;;C:\Program Files\JetBrains\IntelliJ IDEA Community Edition 2024.2.3\bin;;C:\Users\ibrah\AppData\Roaming\npm;C:\Users\ibrah\AppData\Local\spicetify;C:\Users\ibrah\AppData\Local\Programs\cursor\resources\app\bin
USERNAME=ibrah
OS=Windows_NT
PROCESSOR_IDENTIFIER=Intel64 Family 6 Model 165 Stepping 2, GenuineIntel



---------------  S Y S T E M  ---------------

OS:
 Windows 10 , 64 bit Build 22621 (10.0.22621.5415)
OS uptime: 6 days 6:32 hours
Hyper-V role detected

CPU: total 8 (initial active 8) (4 cores per cpu, 2 threads per core) family 6 model 165 stepping 2 microcode 0xfc, cx8, cmov, fxsr, ht, mmx, 3dnowpref, sse, sse2, sse3, ssse3, sse4.1, sse4.2, popcnt, lzcnt, tsc, tscinvbit, avx, avx2, aes, erms, clmul, bmi1, bmi2, adx, fma, vzeroupper, clflush, clflushopt, hv

Memory: 4k page, system-wide physical 7985M (453M free)
TotalPageFile size 32561M (AvailPageFile size 0M)
current process WorkingSet (physical memory assigned to process): 76M, peak: 265M
current process commit charge ("private bytes"): 316M, peak: 318M

vm_info: Java HotSpot(TM) 64-Bit Server VM (17.0.1+12-LTS-39) for windows-amd64 JRE (17.0.1+12-LTS-39), built on Sep 27 2021 18:41:35 by "mach5one" with MS VC++ 16.8 (VS2019)

END.
